<?xml version="1.0" encoding="UTF-8"?>
<!-- Generated by org.testng.reporters.JUnitReportReporter -->
<testsuite skipped="0" hostname="DESKTOP-8QRRANI" name="com.as.testCases.LoginPageTest" tests="1" failures="0" timestamp="2020-03-21T12:18:20 CDT" time="13.776" errors="0">
  <testcase name="TestWithSuccessCredentials" time="13.776" classname="com.as.testCases.LoginPageTest"/>
</testsuite> <!-- com.as.testCases.LoginPageTest -->
